<?xml version="1.0" encoding="UTF-8"?>
<!-- Generated by org.testng.reporters.JUnitReportReporter -->
<testsuite hostname="Mamdouh-PC" failures="0" tests="9"
	name="appli.fashion.test.test" time="169.841" errors="0"
	timestamp="2020-12-03T19:11:04 EET" skipped="0">
	<testcase classname="appli.fashion.test.test"
		name="filterByColor" time="17.479" />
	<system-out />
	<testcase classname="appli.fashion.test.test"
		name="filterByColor" time="18.082" />
	<system-out />
	<testcase classname="appli.fashion.test.test"
		name="validateMainPage" time="19.510" />
	<system-out />
	<testcase classname="appli.fashion.test.test"
		name="filterByColor" time="18.919" />
	<system-out />
	<testcase classname="appli.fashion.test.test"
		name="checkAppliAirNightPage" time="19.179" />
	<system-out />
	<testcase classname="appli.fashion.test.test"
		name="checkAppliAirNightPage" time="21.875" />
	<system-out />
	<testcase classname="appli.fashion.test.test"
		name="checkAppliAirNightPage" time="18.558" />
	<system-out />
	<testcase classname="appli.fashion.test.test"
		name="validateMainPage" time="17.054" />
	<system-out />
	<testcase classname="appli.fashion.test.test"
		name="validateMainPage" time="19.185" />
	<system-out />
</testsuite> <!-- appli.fashion.test.test -->
